Build started 7/23/2023 6:45:53 PM.
     1>Project "C:\Users\anh\Desktop\Pacman_Mini_Project\Pacman_Mini_Project\Pacman_Mini_Project.vcxproj" on node 2 (Build target(s)).
     1>ClCompile:
         C:\Program Files (x86)\Microsoft Visual Studio 11.0\VC\bin\CL.exe /c /I"C:\Users\anh\Downloads\SFML-2.1\include" /ZI /nologo /W3 /WX- /Od /Oy- /D WIN32 /D _DEBUG /D _CONSOLE /D _UNICODE /D UNICODE /Gm /EHsc /RTC1 /MDd /GS /fp:precise /Zc:wchar_t /Zc:forScope /Fo"Debug\\" /Fd"Debug\vc110.pdb" /Gd /TP /analyze- /errorReport:prompt ..\..\proj\Pacman\Source\GhostManager.cpp ..\..\proj\Pacman\Source\Main.cpp ..\..\proj\Pacman\Source\Pacman.cpp
         Pacman.cpp
     1>c:\users\anh\desktop\proj\pacman\source\pacman.cpp(110): error C2059: syntax error : '{'
     1>c:\users\anh\desktop\proj\pacman\source\pacman.cpp(110): error C2143: syntax error : missing ';' before '{'
     1>c:\users\anh\desktop\proj\pacman\source\pacman.cpp(110): error C2143: syntax error : missing ';' before '}'
         Main.cpp
     1>c:\users\anh\desktop\proj\pacman\source\main.cpp(62): warning C4244: 'argument' : conversion from 'int' to 'float', possible loss of data
     1>c:\users\anh\desktop\proj\pacman\source\main.cpp(76): error C2679: binary '=' : no operator found which takes a right-hand operand of type 'std::chrono::system_clock::time_point' (or there is no acceptable conversion)
                 c:\program files (x86)\microsoft visual studio 11.0\vc\include\chrono(298): could be 'std::chrono::time_point<_Clock> &std::chrono::time_point<_Clock>::operator =(const std::chrono::time_point<_Clock> &)'
                 with
                 [
                     _Clock=std::chrono::steady_clock
                 ]
                 while trying to match the argument list '(std::chrono::time_point<_Clock>, std::chrono::system_clock::time_point)'
                 with
                 [
                     _Clock=std::chrono::steady_clock
                 ]
         GhostManager.cpp
     1>c:\users\anh\desktop\proj\pacman\source\ghostmanager.cpp(10): error C2512: 'std::array<_Ty,_Size>' : no appropriate default constructor available
                 with
                 [
                     _Ty=Ghost,
                     _Size=4
                 ]
         Generating Code...
     1>Done Building Project "C:\Users\anh\Desktop\Pacman_Mini_Project\Pacman_Mini_Project\Pacman_Mini_Project.vcxproj" (Build target(s)) -- FAILED.

Build FAILED.

Time Elapsed 00:00:02.20
